<?xml version="1.0" encoding="UTF-8"?>
<!-- Generated by org.testng.reporters.JUnitXMLReporter -->
<testsuite ignored="1" hostname="Yadu" failures="0" tests="3" name="Default test" time="12.509" errors="0" timestamp="2022-02-10T14:41:00 IST">
  <testcase classname="com.OrangeHrm.ExtentOrangeHrm.LoginTest" name="invalidLoginTest" time="1.863"/>
  <testcase classname="com.OrangeHrm.ExtentOrangeHrm.LoginTest" name="invalidLoginTest" time="1.742"/>
  <testcase classname="com.OrangeHrm.ExtentOrangeHrm.LoginTest" name="invalidLoginTest" time="1.427"/>
  <testcase classname="com.OrangeHrm.ExtentOrangeHrm.LoginTest" name="validLoginTest" time="0.0">
    <ignored/>
  </testcase> <!-- validLoginTest -->
</testsuite> <!-- Default test -->
