<?xml version="1.0" encoding="UTF-8"?>
<!-- Generated by org.testng.reporters.JUnitXMLReporter -->
<testsuite ignored="0" hostname="Yadu" failures="0" tests="4" name="Test" time="19.212" errors="0" timestamp="2022-02-10T15:41:02 IST">
  <testcase classname="com.OrangeHrm.ExtentOrangeHrm.LoginTest" name="invalidLoginTest" time="1.929"/>
  <testcase classname="com.OrangeHrm.ExtentOrangeHrm.LoginTest" name="invalidLoginTest" time="1.744"/>
  <testcase classname="com.OrangeHrm.ExtentOrangeHrm.LoginTest" name="invalidLoginTest" time="1.454"/>
  <testcase classname="com.OrangeHrm.ExtentOrangeHrm.LoginTest" name="validLoginTest" time="4.978"/>
</testsuite> <!-- Test -->
