<?xml version="1.0" encoding="UTF-8"?>
<testng-results ignored="0" total="4" passed="4" failed="0" skipped="0">
  <reporter-output>
  </reporter-output>
  <suite started-at="2022-02-10T15:40:42 IST" name="Suite" finished-at="2022-02-10T15:41:02 IST" duration-ms="19212">
    <groups>
    </groups>
    <test started-at="2022-02-10T15:40:42 IST" name="Test" finished-at="2022-02-10T15:41:02 IST" duration-ms="19212">
      <class name="com.OrangeHrm.ExtentOrangeHrm.LoginTest">
        <test-method is-config="true" signature="setUp()[pri:0, instance:com.OrangeHrm.ExtentOrangeHrm.LoginTest@223d2c72]" started-at="2022-02-10T15:40:42 IST" name="setUp" finished-at="2022-02-10T15:40:42 IST" duration-ms="226" status="PASS">
          <reporter-output>
          </reporter-output>
        </test-method> <!-- setUp -->
        <test-method is-config="true" signature="openBrowser()[pri:0, instance:com.OrangeHrm.ExtentOrangeHrm.LoginTest@223d2c72]" started-at="2022-02-10T15:40:42 IST" name="openBrowser" finished-at="2022-02-10T15:40:51 IST" duration-ms="8867" status="PASS">
          <reporter-output>
          </reporter-output>
        </test-method> <!-- openBrowser -->
        <test-method signature="invalidLoginTest(java.lang.String,java.lang.String)[pri:1, instance:com.OrangeHrm.ExtentOrangeHrm.LoginTest@223d2c72]" started-at="2022-02-10T15:40:51 IST" name="invalidLoginTest" data-provider="invalid data" finished-at="2022-02-10T15:40:53 IST" duration-ms="1929" status="PASS">
          <params>
            <param index="0">
              <value>
                <![CDATA[admi]]>
              </value>
            </param>
            <param index="1">
              <value>
                <![CDATA[admin123]]>
              </value>
            </param>
          </params>
          <reporter-output>
          </reporter-output>
        </test-method> <!-- invalidLoginTest -->
        <test-method is-config="true" signature="logStatus(org.testng.ITestResult)[pri:0, instance:com.OrangeHrm.ExtentOrangeHrm.LoginTest@223d2c72]" started-at="2022-02-10T15:40:53 IST" name="logStatus" finished-at="2022-02-10T15:40:53 IST" duration-ms="3" status="PASS">
          <params>
            <param index="0">
              <value>
                <![CDATA[[TestResult name=invalidLoginTest status=SUCCESS method=LoginTest.invalidLoginTest(java.lang.String,java.lang.String)[pri:1, instance:com.OrangeHrm.ExtentOrangeHrm.LoginTest@223d2c72] output={null}]]]>
              </value>
            </param>
          </params>
          <reporter-output>
          </reporter-output>
        </test-method> <!-- logStatus -->
        <test-method signature="invalidLoginTest(java.lang.String,java.lang.String)[pri:1, instance:com.OrangeHrm.ExtentOrangeHrm.LoginTest@223d2c72]" started-at="2022-02-10T15:40:53 IST" name="invalidLoginTest" data-provider="invalid data" finished-at="2022-02-10T15:40:55 IST" duration-ms="1744" status="PASS">
          <params>
            <param index="0">
              <value>
                <![CDATA[Admin]]>
              </value>
            </param>
            <param index="1">
              <value>
                <![CDATA[admin]]>
              </value>
            </param>
          </params>
          <reporter-output>
          </reporter-output>
        </test-method> <!-- invalidLoginTest -->
        <test-method is-config="true" signature="logStatus(org.testng.ITestResult)[pri:0, instance:com.OrangeHrm.ExtentOrangeHrm.LoginTest@223d2c72]" started-at="2022-02-10T15:40:55 IST" name="logStatus" finished-at="2022-02-10T15:40:55 IST" duration-ms="1" status="PASS">
          <params>
            <param index="0">
              <value>
                <![CDATA[[TestResult name=invalidLoginTest status=SUCCESS method=LoginTest.invalidLoginTest(java.lang.String,java.lang.String)[pri:1, instance:com.OrangeHrm.ExtentOrangeHrm.LoginTest@223d2c72] output={null}]]]>
              </value>
            </param>
          </params>
          <reporter-output>
          </reporter-output>
        </test-method> <!-- logStatus -->
        <test-method signature="invalidLoginTest(java.lang.String,java.lang.String)[pri:1, instance:com.OrangeHrm.ExtentOrangeHrm.LoginTest@223d2c72]" started-at="2022-02-10T15:40:55 IST" name="invalidLoginTest" data-provider="invalid data" finished-at="2022-02-10T15:40:56 IST" duration-ms="1454" status="PASS">
          <params>
            <param index="0">
              <value>
                <![CDATA[adm]]>
              </value>
            </param>
            <param index="1">
              <value>
                <![CDATA[adm]]>
              </value>
            </param>
          </params>
          <reporter-output>
          </reporter-output>
        </test-method> <!-- invalidLoginTest -->
        <test-method is-config="true" signature="logStatus(org.testng.ITestResult)[pri:0, instance:com.OrangeHrm.ExtentOrangeHrm.LoginTest@223d2c72]" started-at="2022-02-10T15:40:56 IST" name="logStatus" finished-at="2022-02-10T15:40:56 IST" duration-ms="1" status="PASS">
          <params>
            <param index="0">
              <value>
                <![CDATA[[TestResult name=invalidLoginTest status=SUCCESS method=LoginTest.invalidLoginTest(java.lang.String,java.lang.String)[pri:1, instance:com.OrangeHrm.ExtentOrangeHrm.LoginTest@223d2c72] output={null}]]]>
              </value>
            </param>
          </params>
          <reporter-output>
          </reporter-output>
        </test-method> <!-- logStatus -->
        <test-method signature="validLoginTest()[pri:2, instance:com.OrangeHrm.ExtentOrangeHrm.LoginTest@223d2c72]" started-at="2022-02-10T15:40:56 IST" name="validLoginTest" finished-at="2022-02-10T15:41:01 IST" duration-ms="4978" status="PASS">
          <reporter-output>
          </reporter-output>
        </test-method> <!-- validLoginTest -->
        <test-method is-config="true" signature="logStatus(org.testng.ITestResult)[pri:0, instance:com.OrangeHrm.ExtentOrangeHrm.LoginTest@223d2c72]" started-at="2022-02-10T15:41:01 IST" name="logStatus" finished-at="2022-02-10T15:41:01 IST" duration-ms="0" status="PASS">
          <params>
            <param index="0">
              <value>
                <![CDATA[[TestResult name=validLoginTest status=SUCCESS method=LoginTest.validLoginTest()[pri:2, instance:com.OrangeHrm.ExtentOrangeHrm.LoginTest@223d2c72] output={null}]]]>
              </value>
            </param>
          </params>
          <reporter-output>
          </reporter-output>
        </test-method> <!-- logStatus -->
        <test-method is-config="true" signature="closeBrowser()[pri:0, instance:com.OrangeHrm.ExtentOrangeHrm.LoginTest@223d2c72]" started-at="2022-02-10T15:41:01 IST" name="closeBrowser" finished-at="2022-02-10T15:41:02 IST" duration-ms="206" status="PASS">
          <reporter-output>
          </reporter-output>
        </test-method> <!-- closeBrowser -->
        <test-method is-config="true" signature="closeReport()[pri:0, instance:com.OrangeHrm.ExtentOrangeHrm.LoginTest@223d2c72]" started-at="2022-02-10T15:41:02 IST" name="closeReport" finished-at="2022-02-10T15:41:02 IST" duration-ms="394" status="PASS">
          <reporter-output>
          </reporter-output>
        </test-method> <!-- closeReport -->
      </class> <!-- com.OrangeHrm.ExtentOrangeHrm.LoginTest -->
    </test> <!-- Test -->
  </suite> <!-- Suite -->
</testng-results>
